<?xml version="1.0" encoding="UTF-8"?>
<!-- Generated by org.testng.reporters.JUnitReportReporter -->
<testsuite hostname="LAPTOP-N6J9AO5D" failures="0" tests="1" name="runner.Runner" time="6.741" errors="0" timestamp="2022-01-17T17:15:10 CST" skipped="0">
  <testcase classname="runner.Runner" name="feature" time="6.741"/>
  <system-out/>
</testsuite> <!-- runner.Runner -->
